<?xml version="1.0" encoding="UTF-8"?>
<!-- Generated by org.testng.reporters.JUnitReportReporter -->
<testsuite skipped="0" hostname="DESKTOP-56UM7GO" name="APITest.Tre" tests="3" failures="0" timestamp="2021-12-01T11:57:21 IST" time="5.189" errors="0">
  <testcase name="createboard" time="3.672" classname="APITest.Tre"/>
  <system-out/>
  <testcase name="getboard" time="0.675" classname="APITest.Tre"/>
  <system-out/>
  <testcase name="deleteboard" time="0.842" classname="APITest.Tre"/>
  <system-out/>
</testsuite> <!-- APITest.Tre -->
