<?xml version="1.0" encoding="UTF-8"?>
<!-- Generated by org.testng.reporters.JUnitReportReporter -->
<testsuite hostname="DESKTOP-56UM7GO" failures="0" tests="2" name="APITest.Demo_TestNG" time="0.017" errors="0" timestamp="2021-11-25T13:12:42 IST" skipped="0">
  <testcase classname="APITest.Demo_TestNG" name="testcase2" time="0.006"/>
  <system-out/>
  <testcase classname="APITest.Demo_TestNG" name="testcase1" time="0.011"/>
  <system-out/>
</testsuite> <!-- APITest.Demo_TestNG -->
