<?xml version="1.0" encoding="UTF-8"?>
<!-- Generated by org.testng.reporters.JUnitReportReporter -->
<testsuite skipped="1" hostname="DESKTOP-56UM7GO" name="APITest.E_Commerce" tests="4" failures="0" timestamp="2021-12-01T12:41:10 IST" time="11.219" errors="0">
  <testcase name="login" time="6.495" classname="APITest.E_Commerce"/>
  <system-out/>
  <testcase name="getusers" time="3.166" classname="APITest.E_Commerce"/>
  <system-out/>
  <testcase name="delete" time="1.558" classname="APITest.E_Commerce"/>
  <system-out/>
  <testcase name="signup" classname="APITest.E_Commerce">
    <skipped/>
  </testcase> <!-- signup -->
  <system-out/>
</testsuite> <!-- APITest.E_Commerce -->
