<?xml version="1.0" encoding="UTF-8"?>
<!-- Generated by org.testng.reporters.JUnitReportReporter -->
<testsuite hostname="DESKTOP-56UM7GO" failures="0" tests="1" name="APITest.Demo2_testNG" time="0.003" errors="0" timestamp="2021-11-25T13:12:42 IST" skipped="0">
  <testcase classname="APITest.Demo2_testNG" name="testcase3" time="0.003"/>
  <system-out/>
</testsuite> <!-- APITest.Demo2_testNG -->
